2025-04-04 12:15:37.299692 - Received CBT.V508.FILE589.PDS from FILE589.XMI 
2025-04-04 12:15:37.301241 - Found $$$$DOC.txt (text/plain) in CBT.V508.FILE589.PDS, moved to PDS/$$$$DOC
2025-04-04 12:15:37.301396 - Found $$$#DATE.txt (text/plain) in CBT.V508.FILE589.PDS, moved to PDS/$$$#DATE
2025-04-04 12:15:37.301954 - Found $$$INDEX.txt (text/plain) in CBT.V508.FILE589.PDS, moved to PDS/$$$INDEX
2025-04-04 12:15:37.302077 - Found $$NOTE1.txt (text/plain) in CBT.V508.FILE589.PDS, moved to PDS/$$NOTE1
2025-04-04 12:15:37.302198 - Found $$NOTE2.txt (text/plain) in CBT.V508.FILE589.PDS, moved to PDS/$$NOTE2
2025-04-04 12:15:37.302327 - Found $$NOTE3.eml (message/rfc822) in CBT.V508.FILE589.PDS, moved to PDS/$$NOTE3
2025-04-04 12:15:37.302454 - Found $$NOTE4.txt (text/plain) in CBT.V508.FILE589.PDS, moved to PDS/$$NOTE4
2025-04-04 12:15:37.302576 - Found $CHANGES.txt (text/plain) in CBT.V508.FILE589.PDS, moved to PDS/$CHANGES
2025-04-04 12:15:37.302700 - Found $COPYING.txt (text/plain) in CBT.V508.FILE589.PDS, moved to PDS/$COPYING
2025-04-04 12:15:37.302873 - Found @FILE589.js (application/javascript) in CBT.V508.FILE589.PDS, moved to PDS/@FILE589
2025-04-04 12:15:37.303012 - Found DEV2VOL.txt (text/plain) in CBT.V508.FILE589.PDS, moved to PDS/DEV2VOL
2025-04-04 12:15:37.303141 - Found HERCMD.txt (text/plain) in CBT.V508.FILE589.PDS, moved to PDS/HERCMD
2025-04-04 12:15:37.303258 - Found HERCMD$.jcl (text/plain) in CBT.V508.FILE589.PDS, moved to PDS/HERCMD$
2025-04-04 12:15:37.303412 - Found HSC@DISM.txt (text/plain) in CBT.V508.FILE589.PDS, moved to PDS/HSC@DISM
2025-04-04 12:15:37.303561 - Found HSC@EJCT.txt (text/plain) in CBT.V508.FILE589.PDS, moved to PDS/HSC@EJCT
2025-04-04 12:15:37.303691 - Found HSC@MONT.txt (text/plain) in CBT.V508.FILE589.PDS, moved to PDS/HSC@MONT
2025-04-04 12:15:37.303823 - Found HSC@MOVE.txt (text/plain) in CBT.V508.FILE589.PDS, moved to PDS/HSC@MOVE
2025-04-04 12:15:37.303951 - Found HSC@QCAP.txt (text/plain) in CBT.V508.FILE589.PDS, moved to PDS/HSC@QCAP
2025-04-04 12:15:37.304102 - Found HSC@QCON.txt (text/plain) in CBT.V508.FILE589.PDS, moved to PDS/HSC@QCON
2025-04-04 12:15:37.304234 - Found HSC@QDRV.txt (text/plain) in CBT.V508.FILE589.PDS, moved to PDS/HSC@QDRV
2025-04-04 12:15:37.304468 - Found HSC@QDSN.txt (text/plain) in CBT.V508.FILE589.PDS, moved to PDS/HSC@QDSN
2025-04-04 12:15:37.304806 - Found HSC@QHSC.txt (text/plain) in CBT.V508.FILE589.PDS, moved to PDS/HSC@QHSC
2025-04-04 12:15:37.304962 - Found HSC@QSCR.txt (text/plain) in CBT.V508.FILE589.PDS, moved to PDS/HSC@QSCR
2025-04-04 12:15:37.305099 - Found HSC@QVOL.txt (text/plain) in CBT.V508.FILE589.PDS, moved to PDS/HSC@QVOL
2025-04-04 12:15:37.305239 - Found HSC@SCRT.txt (text/plain) in CBT.V508.FILE589.PDS, moved to PDS/HSC@SCRT
2025-04-04 12:15:37.305355 - Found HSC@SETV.txt (text/plain) in CBT.V508.FILE589.PDS, moved to PDS/HSC@SETV
2025-04-04 12:15:37.305495 - Found HSC@UNSC.txt (text/plain) in CBT.V508.FILE589.PDS, moved to PDS/HSC@UNSC
2025-04-04 12:15:37.305628 - Found HSCDOC.txt (text/plain) in CBT.V508.FILE589.PDS, moved to PDS/HSCDOC
2025-04-04 12:15:37.305770 - Found HSCTOOL.txt (text/plain) in CBT.V508.FILE589.PDS, moved to PDS/HSCTOOL
2025-04-04 12:15:37.305908 - Found HSCTOOLJ.jcl (text/plain) in CBT.V508.FILE589.PDS, moved to PDS/HSCTOOLJ
2025-04-04 12:15:37.306173 - Found HSCWAREA.txt (text/plain) in CBT.V508.FILE589.PDS, moved to PDS/HSCWAREA
2025-04-04 12:15:37.306321 - Found IGC0023A.txt (text/plain) in CBT.V508.FILE589.PDS, moved to PDS/IGC0023A
2025-04-04 12:15:37.306459 - Found LOADSVCX.txt (text/plain) in CBT.V508.FILE589.PDS, moved to PDS/LOADSVCX
2025-04-04 12:15:37.306592 - Found MVSCMDL.txt (text/plain) in CBT.V508.FILE589.PDS, moved to PDS/MVSCMDL
2025-04-04 12:15:37.306723 - Found ONDESTOU.txt (text/plain) in CBT.V508.FILE589.PDS, moved to PDS/ONDESTOU
2025-04-04 12:15:37.306865 - Found VOL2DEV.txt (text/plain) in CBT.V508.FILE589.PDS, moved to PDS/VOL2DEV
2025-04-04 12:15:37.306982 - Found WHEREAMI.txt (text/plain) in CBT.V508.FILE589.PDS, moved to PDS/WHEREAMI
